<?xml version="1.0" encoding="UTF-8"?>
<!-- Generated by org.testng.reporters.JUnitReportReporter -->
<testsuite hostname="LAPTOP-CQLT6SLA" failures="0" tests="1" name="com.automation.ui.tests.AddToCartTest" time="16.508" errors="0" timestamp="2025-07-27T17:01:04 IST" skipped="0">
  <testcase classname="com.automation.ui.tests.AddToCartTest" name="verifyItemCanBeAddedToCart" time="16.508"/>
</testsuite> <!-- com.automation.ui.tests.AddToCartTest -->
