<?xml version="1.0" encoding="UTF-8"?>
<!-- Generated by org.testng.reporters.JUnitReportReporter -->
<testsuite hostname="LAPTOP-CQLT6SLA" failures="0" tests="1" name="com.automation.api.tests.CoinGeckoAPITest" time="2.220" errors="0" timestamp="2025-07-27T17:51:28 IST" skipped="0">
  <testcase classname="com.automation.api.tests.CoinGeckoAPITest" name="testCoinGeckoBitcoinEndpoint" time="2.220"/>
</testsuite> <!-- com.automation.api.tests.CoinGeckoAPITest -->
